{"contracts/VotingPoll.sol":{"l":{"57":5,"58":3,"59":3,"60":3,"61":3,"62":3,"63":3,"64":3,"65":3,"66":3,"68":3,"69":1,"70":1,"73":3,"88":4,"89":2,"90":1,"92":1,"107":4,"108":4,"109":4,"110":4,"111":4,"112":4,"113":4,"114":4,"115":4,"129":5,"130":3,"131":1,"133":1,"140":2,"146":1,"165":2,"178":1,"182":7,"183":5,"187":11,"188":9},"path":"/Users/jbentke/Documents/VotingTool/voting-contracts/contracts/VotingPoll.sol","s":{"1":5,"2":3,"3":3,"4":3,"5":3,"6":3,"7":3,"8":3,"9":3,"10":3,"11":3,"12":1,"13":1,"14":3,"15":4,"16":2,"17":1,"18":1,"19":4,"20":4,"21":4,"22":4,"23":4,"24":4,"25":4,"26":4,"27":4,"28":5,"29":3,"30":1,"31":1,"32":2,"33":1,"34":2,"35":1,"36":7,"37":11},"b":{"1":[3,2],"2":[1,2],"3":[2,2],"4":[1,1],"5":[3,2],"6":[1,2],"7":[5,2],"8":[9,2]},"f":{"1":5,"2":4,"3":4,"4":5,"5":2,"6":1,"7":2,"8":1,"9":7,"10":11},"fnMap":{"1":{"name":"createPoll","line":49,"loc":{"start":{"line":49,"column":4},"end":{"line":56,"column":16}}},"2":{"name":"createProposal","line":80,"loc":{"start":{"line":80,"column":4},"end":{"line":87,"column":5}}},"3":{"name":"createProposalInternal","line":100,"loc":{"start":{"line":100,"column":4},"end":{"line":105,"column":16}}},"4":{"name":"activateProposal","line":121,"loc":{"start":{"line":121,"column":4},"end":{"line":128,"column":5}}},"5":{"name":"getPoll","line":139,"loc":{"start":{"line":139,"column":4},"end":{"line":139,"column":67}}},"6":{"name":"getPollAmount","line":145,"loc":{"start":{"line":145,"column":4},"end":{"line":145,"column":54}}},"7":{"name":"getProposal","line":152,"loc":{"start":{"line":152,"column":4},"end":{"line":164,"column":5}}},"8":{"name":"getProposalsFromPoll","line":177,"loc":{"start":{"line":177,"column":4},"end":{"line":177,"column":83}}},"9":{"name":"onlyPollAuthor","line":181,"loc":{"start":{"line":181,"column":4},"end":{"line":181,"column":38}}},"10":{"name":"isStillActive","line":186,"loc":{"start":{"line":186,"column":4},"end":{"line":186,"column":38}}}},"statementMap":{"1":{"start":{"line":57,"column":8},"end":{"line":57,"column":110}},"2":{"start":{"line":58,"column":8},"end":{"line":58,"column":27}},"3":{"start":{"line":59,"column":8},"end":{"line":59,"column":27}},"4":{"start":{"line":60,"column":8},"end":{"line":60,"column":41}},"5":{"start":{"line":61,"column":8},"end":{"line":61,"column":34}},"6":{"start":{"line":62,"column":8},"end":{"line":62,"column":37}},"7":{"start":{"line":63,"column":8},"end":{"line":63,"column":33}},"8":{"start":{"line":64,"column":8},"end":{"line":64,"column":43}},"9":{"start":{"line":65,"column":8},"end":{"line":65,"column":43}},"10":{"start":{"line":66,"column":8},"end":{"line":66,"column":26}},"11":{"start":{"line":68,"column":8},"end":{"line":68,"column":2193}},"12":{"start":{"line":69,"column":12},"end":{"line":69,"column":68}},"13":{"start":{"line":70,"column":12},"end":{"line":70,"column":67}},"14":{"start":{"line":73,"column":8},"end":{"line":73,"column":56}},"15":{"start":{"line":88,"column":8},"end":{"line":88,"column":99}},"16":{"start":{"line":89,"column":8},"end":{"line":89,"column":3079}},"17":{"start":{"line":90,"column":12},"end":{"line":90,"column":86}},"18":{"start":{"line":92,"column":12},"end":{"line":92,"column":87}},"19":{"start":{"line":107,"column":8},"end":{"line":107,"column":35}},"20":{"start":{"line":108,"column":8},"end":{"line":108,"column":39}},"21":{"start":{"line":109,"column":8},"end":{"line":109,"column":53}},"22":{"start":{"line":110,"column":8},"end":{"line":110,"column":38}},"23":{"start":{"line":111,"column":8},"end":{"line":111,"column":35}},"24":{"start":{"line":112,"column":8},"end":{"line":112,"column":41}},"25":{"start":{"line":113,"column":8},"end":{"line":113,"column":34}},"26":{"start":{"line":114,"column":8},"end":{"line":114,"column":60}},"27":{"start":{"line":115,"column":8},"end":{"line":115,"column":73}},"28":{"start":{"line":129,"column":8},"end":{"line":129,"column":106}},"29":{"start":{"line":130,"column":8},"end":{"line":130,"column":90}},"30":{"start":{"line":131,"column":8},"end":{"line":131,"column":46}},"31":{"start":{"line":133,"column":8},"end":{"line":133,"column":86}},"32":{"start":{"line":140,"column":8},"end":{"line":140,"column":29}},"33":{"start":{"line":146,"column":8},"end":{"line":146,"column":27}},"34":{"start":{"line":165,"column":8},"end":{"line":165,"column":5809}},"35":{"start":{"line":178,"column":8},"end":{"line":178,"column":41}},"36":{"start":{"line":182,"column":8},"end":{"line":182,"column":88}},"37":{"start":{"line":187,"column":8},"end":{"line":187,"column":130}}},"branchMap":{"1":{"line":57,"type":"if","locations":[{"start":{"line":57,"column":8},"end":{"line":57,"column":8}},{"start":{"line":57,"column":8},"end":{"line":57,"column":8}}]},"2":{"line":68,"type":"if","locations":[{"start":{"line":68,"column":8},"end":{"line":68,"column":8}},{"start":{"line":68,"column":8},"end":{"line":68,"column":8}}]},"3":{"line":88,"type":"if","locations":[{"start":{"line":88,"column":8},"end":{"line":88,"column":8}},{"start":{"line":88,"column":8},"end":{"line":88,"column":8}}]},"4":{"line":89,"type":"if","locations":[{"start":{"line":89,"column":8},"end":{"line":89,"column":8}},{"start":{"line":89,"column":8},"end":{"line":89,"column":8}}]},"5":{"line":129,"type":"if","locations":[{"start":{"line":129,"column":8},"end":{"line":129,"column":8}},{"start":{"line":129,"column":8},"end":{"line":129,"column":8}}]},"6":{"line":130,"type":"if","locations":[{"start":{"line":130,"column":8},"end":{"line":130,"column":8}},{"start":{"line":130,"column":8},"end":{"line":130,"column":8}}]},"7":{"line":182,"type":"if","locations":[{"start":{"line":182,"column":8},"end":{"line":182,"column":8}},{"start":{"line":182,"column":8},"end":{"line":182,"column":8}}]},"8":{"line":187,"type":"if","locations":[{"start":{"line":187,"column":8},"end":{"line":187,"column":8}},{"start":{"line":187,"column":8},"end":{"line":187,"column":8}}]}}}}