TN:
SF:/Users/jbentke/Documents/VotingTool/voting-contracts/contracts/VotingPoll.sol
FN:49,createPoll
FN:80,createProposal
FN:100,createProposalInternal
FN:121,activateProposal
FN:139,getPoll
FN:145,getPollAmount
FN:152,getProposal
FN:177,getProposalsFromPoll
FN:181,onlyPollAuthor
FN:186,isStillActive
FNF:10
FNH:10
FNDA:5,createPoll
FNDA:4,createProposal
FNDA:4,createProposalInternal
FNDA:5,activateProposal
FNDA:2,getPoll
FNDA:1,getPollAmount
FNDA:2,getProposal
FNDA:1,getProposalsFromPoll
FNDA:7,onlyPollAuthor
FNDA:11,isStillActive
DA:57,5
DA:58,3
DA:59,3
DA:60,3
DA:61,3
DA:62,3
DA:63,3
DA:64,3
DA:65,3
DA:66,3
DA:68,3
DA:69,1
DA:70,1
DA:73,3
DA:88,4
DA:89,2
DA:90,1
DA:92,1
DA:107,4
DA:108,4
DA:109,4
DA:110,4
DA:111,4
DA:112,4
DA:113,4
DA:114,4
DA:115,4
DA:129,5
DA:130,3
DA:131,1
DA:133,1
DA:140,2
DA:146,1
DA:165,2
DA:178,1
DA:182,7
DA:183,5
DA:187,11
DA:188,9
LF:39
LH:39
BRDA:57,1,0,3
BRDA:57,1,1,2
BRDA:68,2,0,1
BRDA:68,2,1,2
BRDA:88,3,0,2
BRDA:88,3,1,2
BRDA:89,4,0,1
BRDA:89,4,1,1
BRDA:129,5,0,3
BRDA:129,5,1,2
BRDA:130,6,0,1
BRDA:130,6,1,2
BRDA:182,7,0,5
BRDA:182,7,1,2
BRDA:187,8,0,9
BRDA:187,8,1,2
BRF:16
BRH:16
end_of_record
